<component name="libraryTable">
  <library name="junit:junit:4.2" type="repository">
    <properties maven-id="junit:junit:4.2" />
    <CLASSES>
      <root url="jar://$MAVEN_REPOSITORY$/junit/junit/4.2/junit-4.2.jar!/" />
    </CLASSES>
    <JAVADOC />
    <SOURCES />
  </library>
</component>